<?xml version="1.0" encoding="UTF-8"?>
<!-- Generated by org.testng.reporters.JUnitXMLReporter -->
<testsuite ignored="0" hostname="DESKTOP-2JBFBCA" failures="1" tests="3" name="Test" time="26.793" errors="0" timestamp="2023-09-24T20:30:43 EDT">
  <testcase classname="swagLabs.testCases.NewCostomerLinkTest" name="VerifyNewCostmerlink" time="2.542"/>
  <testcase classname="swagLabs.testCases.VerifyAddNewCustomer" name="addNewCustomerTest" time="4.99"/>
  <testcase classname="swagLabs.testCases.LoginPageDataTest" name="validateLoginCredentials" time="1.698">
    <failure type="java.lang.AssertionError" message="expected [Guru99 Bank Manager HomePage] but found [true]">
      <![CDATA[java.lang.AssertionError: expected [Guru99 Bank Manager HomePage] but found [true]
at swagLabs.testCases.LoginPageDataTest.validateLoginCredentials(LoginPageDataTest.java:66)
at java.base/java.util.ArrayList.forEach(ArrayList.java:1541)
... Removed 32 stack frames]]>
    </failure>
  </testcase> <!-- validateLoginCredentials -->
</testsuite> <!-- Test -->
