<?xml version="1.0" encoding="UTF-8"?>
<!-- Generated by org.testng.reporters.JUnitXMLReporter -->
<testsuite ignored="0" hostname="DESKTOP-2JBFBCA" failures="1" tests="3" name="Guru99 Bank App Test Cases" time="27.228" errors="0" timestamp="2023-09-24T20:42:14 EDT">
  <testcase classname="swagLabs.testCases.NewCostomerLinkTest" name="VerifyNewCostmerlink" time="3.165"/>
  <testcase classname="swagLabs.testCases.VerifyAddNewCustomer" name="addNewCustomerTest" time="4.721"/>
  <testcase classname="swagLabs.testCases.LoginPageDataTest" name="validateLoginCredentials" time="1.783">
    <failure type="java.lang.AssertionError" message="expected [Guru99 Bank Manager HomePage] but found [true]">
      <![CDATA[java.lang.AssertionError: expected [Guru99 Bank Manager HomePage] but found [true]
at swagLabs.testCases.LoginPageDataTest.validateLoginCredentials(LoginPageDataTest.java:66)
at java.base/java.util.ArrayList.forEach(ArrayList.java:1541)
... Removed 32 stack frames]]>
    </failure>
  </testcase> <!-- validateLoginCredentials -->
</testsuite> <!-- Guru99 Bank App Test Cases -->
