<?xml version="1.0" encoding="UTF-8"?>
<!-- Generated by org.testng.reporters.JUnitXMLReporter -->
<testsuite ignored="0" hostname="DESKTOP-2JBFBCA" failures="0" tests="3" name="Guru99 Bank App Test Cases" time="26.106" errors="0" timestamp="2023-09-24T22:22:50 EDT">
  <testcase classname="swagLabs.testCases.NewCostomerLinkTest" name="VerifyNewCostmerlink" time="1.873"/>
  <testcase classname="swagLabs.testCases.VerifyAddNewCustomer" name="addNewCustomerTest" time="4.231"/>
  <testcase classname="swagLabs.testCases.LoginPageDataTest" name="validateLoginCredentials" time="1.64"/>
</testsuite> <!-- Guru99 Bank App Test Cases -->
