<?xml version="1.0" encoding="UTF-8"?>
<testng-results ignored="0" total="3" passed="2" failed="1" skipped="0">
  <reporter-output>
  </reporter-output>
  <suite started-at="2023-09-25T12:07:39 EDT" name="Guru99Bank" finished-at="2023-09-25T12:08:27 EDT" duration-ms="48455">
    <groups>
    </groups>
    <test started-at="2023-09-25T12:07:39 EDT" name="Guru99 Bank App Test Cases" finished-at="2023-09-25T12:08:27 EDT" duration-ms="48455">
      <class name="swagLabs.testCases.NewCostomerLinkTest">
        <test-method is-config="true" signature="setUp()[pri:0, instance:swagLabs.testCases.NewCostomerLinkTest@75437611]" started-at="2023-09-25T12:07:40 EDT" name="setUp" finished-at="2023-09-25T12:07:47 EDT" duration-ms="7206" status="PASS">
          <reporter-output>
          </reporter-output>
        </test-method> <!-- setUp -->
        <test-method signature="VerifyNewCostmerlink(java.lang.String,java.lang.String)[pri:0, instance:swagLabs.testCases.NewCostomerLinkTest@75437611]" started-at="2023-09-25T12:07:47 EDT" name="VerifyNewCostmerlink" data-provider="getLoginData" finished-at="2023-09-25T12:07:49 EDT" duration-ms="2367" status="PASS">
          <params>
            <param index="0">
              <value>
                <![CDATA[mngr528039]]>
              </value>
            </param>
            <param index="1">
              <value>
                <![CDATA[etybahe]]>
              </value>
            </param>
          </params>
          <reporter-output>
          </reporter-output>
        </test-method> <!-- VerifyNewCostmerlink -->
        <test-method is-config="true" signature="tearDown()[pri:0, instance:swagLabs.testCases.NewCostomerLinkTest@75437611]" started-at="2023-09-25T12:07:49 EDT" name="tearDown" finished-at="2023-09-25T12:07:50 EDT" duration-ms="790" status="PASS">
          <reporter-output>
          </reporter-output>
        </test-method> <!-- tearDown -->
      </class> <!-- swagLabs.testCases.NewCostomerLinkTest -->
      <class name="swagLabs.testCases.LoginPageDataTest">
        <test-method is-config="true" signature="setUp()[pri:0, instance:swagLabs.testCases.LoginPageDataTest@43df23d3]" started-at="2023-09-25T12:08:01 EDT" name="setUp" finished-at="2023-09-25T12:08:05 EDT" duration-ms="4118" status="PASS">
          <reporter-output>
          </reporter-output>
        </test-method> <!-- setUp -->
        <test-method signature="validateLoginCredentials(java.lang.String,java.lang.String)[pri:1, instance:swagLabs.testCases.LoginPageDataTest@43df23d3]" started-at="2023-09-25T12:08:05 EDT" name="validateLoginCredentials" data-provider="getLoginData" finished-at="2023-09-25T12:08:27 EDT" duration-ms="21754" status="FAIL">
          <params>
            <param index="0">
              <value>
                <![CDATA[mngr528039]]>
              </value>
            </param>
            <param index="1">
              <value>
                <![CDATA[etybahe]]>
              </value>
            </param>
          </params>
          <exception class="org.openqa.selenium.NoSuchElementException">
            <message>
              <![CDATA[no such element: Unable to locate element: {"method":"css selector","selector":"img[src='../images/12.gif']"}
  (Session info: chrome=116.0.5845.188)
For documentation on this error, please visit: https://selenium.dev/exceptions/#no_such_element
Build info: version: '4.9.0', revision: 'd7057100a6'
System info: os.name: 'Windows 10', os.arch: 'amd64', os.version: '10.0', java.version: '11.0.10'
Driver info: org.openqa.selenium.chrome.ChromeDriver
Command: [1f3325bc9842926e04ab9d2bc82010a9, findElement {using=css selector, value=img[src='../images/12.gif']}]
Capabilities {acceptInsecureCerts: false, browserName: chrome, browserVersion: 116.0.5845.188, chrome: {chromedriverVersion: 116.0.5845.96 (1a3918166880..., userDataDir: C:\Users\USER\AppData\Local...}, fedcm:accounts: true, goog:chromeOptions: {debuggerAddress: localhost:57949}, networkConnectionEnabled: false, pageLoadStrategy: normal, platformName: WINDOWS, proxy: Proxy(), se:cdp: ws://localhost:57949/devtoo..., se:cdpVersion: 116.0.5845.188, setWindowRect: true, strictFileInteractability: false, timeouts: {implicit: 0, pageLoad: 300000, script: 30000}, unhandledPromptBehavior: dismiss and notify, webauthn:extension:credBlob: true, webauthn:extension:largeBlob: true, webauthn:extension:minPinLength: true, webauthn:extension:prf: true, webauthn:virtualAuthenticators: true}
Session ID: 1f3325bc9842926e04ab9d2bc82010a9]]>
            </message>
            <full-stacktrace>
              <![CDATA[org.openqa.selenium.NoSuchElementException: no such element: Unable to locate element: {"method":"css selector","selector":"img[src='../images/12.gif']"}
  (Session info: chrome=116.0.5845.188)
For documentation on this error, please visit: https://selenium.dev/exceptions/#no_such_element
Build info: version: '4.9.0', revision: 'd7057100a6'
System info: os.name: 'Windows 10', os.arch: 'amd64', os.version: '10.0', java.version: '11.0.10'
Driver info: org.openqa.selenium.chrome.ChromeDriver
Command: [1f3325bc9842926e04ab9d2bc82010a9, findElement {using=css selector, value=img[src='../images/12.gif']}]
Capabilities {acceptInsecureCerts: false, browserName: chrome, browserVersion: 116.0.5845.188, chrome: {chromedriverVersion: 116.0.5845.96 (1a3918166880..., userDataDir: C:\Users\USER\AppData\Local...}, fedcm:accounts: true, goog:chromeOptions: {debuggerAddress: localhost:57949}, networkConnectionEnabled: false, pageLoadStrategy: normal, platformName: WINDOWS, proxy: Proxy(), se:cdp: ws://localhost:57949/devtoo..., se:cdpVersion: 116.0.5845.188, setWindowRect: true, strictFileInteractability: false, timeouts: {implicit: 0, pageLoad: 300000, script: 30000}, unhandledPromptBehavior: dismiss and notify, webauthn:extension:credBlob: true, webauthn:extension:largeBlob: true, webauthn:extension:minPinLength: true, webauthn:extension:prf: true, webauthn:virtualAuthenticators: true}
Session ID: 1f3325bc9842926e04ab9d2bc82010a9
at java.base/jdk.internal.reflect.NativeConstructorAccessorImpl.newInstance0(Native Method)
at java.base/jdk.internal.reflect.NativeConstructorAccessorImpl.newInstance(NativeConstructorAccessorImpl.java:62)
at java.base/jdk.internal.reflect.DelegatingConstructorAccessorImpl.newInstance(DelegatingConstructorAccessorImpl.java:45)
at java.base/java.lang.reflect.Constructor.newInstance(Constructor.java:490)
at org.openqa.selenium.remote.codec.w3c.W3CHttpResponseCodec.createException(W3CHttpResponseCodec.java:200)
at org.openqa.selenium.remote.codec.w3c.W3CHttpResponseCodec.decode(W3CHttpResponseCodec.java:133)
at org.openqa.selenium.remote.codec.w3c.W3CHttpResponseCodec.decode(W3CHttpResponseCodec.java:53)
at org.openqa.selenium.remote.HttpCommandExecutor.execute(HttpCommandExecutor.java:193)
at org.openqa.selenium.remote.service.DriverCommandExecutor.invokeExecute(DriverCommandExecutor.java:183)
at org.openqa.selenium.remote.service.DriverCommandExecutor.execute(DriverCommandExecutor.java:158)
at org.openqa.selenium.remote.RemoteWebDriver.execute(RemoteWebDriver.java:543)
at org.openqa.selenium.remote.ElementLocation$ElementFinder$2.findElement(ElementLocation.java:162)
at org.openqa.selenium.remote.ElementLocation.findElement(ElementLocation.java:60)
at org.openqa.selenium.remote.RemoteWebDriver.findElement(RemoteWebDriver.java:352)
at org.openqa.selenium.remote.RemoteWebDriver.findElement(RemoteWebDriver.java:344)
at jdk.internal.reflect.GeneratedMethodAccessor4.invoke(Unknown Source)
at java.base/jdk.internal.reflect.DelegatingMethodAccessorImpl.invoke(DelegatingMethodAccessorImpl.java:43)
at java.base/java.lang.reflect.Method.invoke(Method.java:566)
at org.openqa.selenium.support.events.EventFiringWebDriver.lambda$new$1(EventFiringWebDriver.java:106)
at com.sun.proxy.$Proxy19.findElement(Unknown Source)
at org.openqa.selenium.support.events.EventFiringWebDriver.findElement(EventFiringWebDriver.java:195)
at org.openqa.selenium.support.pagefactory.DefaultElementLocator.findElement(DefaultElementLocator.java:70)
at org.openqa.selenium.support.pagefactory.internal.LocatingElementHandler.invoke(LocatingElementHandler.java:39)
at com.sun.proxy.$Proxy23.isDisplayed(Unknown Source)
at swagLabs.pages.LoginPageData.validateImage1(LoginPageData.java:48)
at swagLabs.testCases.LoginPageDataTest.validateLoginCredentials(LoginPageDataTest.java:68)
at java.base/jdk.internal.reflect.NativeMethodAccessorImpl.invoke0(Native Method)
at java.base/jdk.internal.reflect.NativeMethodAccessorImpl.invoke(NativeMethodAccessorImpl.java:62)
at java.base/jdk.internal.reflect.DelegatingMethodAccessorImpl.invoke(DelegatingMethodAccessorImpl.java:43)
at java.base/java.lang.reflect.Method.invoke(Method.java:566)
at org.testng.internal.invokers.MethodInvocationHelper.invokeMethod(MethodInvocationHelper.java:139)
at org.testng.internal.invokers.TestInvoker.invokeMethod(TestInvoker.java:677)
at org.testng.internal.invokers.TestInvoker.invokeTestMethod(TestInvoker.java:221)
at org.testng.internal.invokers.MethodRunner.runInSequence(MethodRunner.java:50)
at org.testng.internal.invokers.TestInvoker$MethodInvocationAgent.invoke(TestInvoker.java:962)
at org.testng.internal.invokers.TestInvoker.invokeTestMethods(TestInvoker.java:194)
at org.testng.internal.invokers.TestMethodWorker.invokeTestMethods(TestMethodWorker.java:148)
at org.testng.internal.invokers.TestMethodWorker.run(TestMethodWorker.java:128)
at java.base/java.util.ArrayList.forEach(ArrayList.java:1541)
at org.testng.TestRunner.privateRun(TestRunner.java:806)
at org.testng.TestRunner.run(TestRunner.java:601)
at org.testng.SuiteRunner.runTest(SuiteRunner.java:433)
at org.testng.SuiteRunner.runSequentially(SuiteRunner.java:427)
at org.testng.SuiteRunner.privateRun(SuiteRunner.java:387)
at org.testng.SuiteRunner.run(SuiteRunner.java:330)
at org.testng.SuiteRunnerWorker.runSuite(SuiteRunnerWorker.java:52)
at org.testng.SuiteRunnerWorker.run(SuiteRunnerWorker.java:95)
at org.testng.TestNG.runSuitesSequentially(TestNG.java:1256)
at org.testng.TestNG.runSuitesLocally(TestNG.java:1176)
at org.testng.TestNG.runSuites(TestNG.java:1099)
at org.testng.TestNG.run(TestNG.java:1067)
at org.testng.remote.AbstractRemoteTestNG.run(AbstractRemoteTestNG.java:115)
at org.testng.remote.RemoteTestNG.initAndRun(RemoteTestNG.java:251)
at org.testng.remote.RemoteTestNG.main(RemoteTestNG.java:77)
]]>
            </full-stacktrace>
          </exception> <!-- org.openqa.selenium.NoSuchElementException -->
          <reporter-output>
          </reporter-output>
        </test-method> <!-- validateLoginCredentials -->
        <test-method is-config="true" signature="tearDown()[pri:0, instance:swagLabs.testCases.LoginPageDataTest@43df23d3]" started-at="2023-09-25T12:08:27 EDT" name="tearDown" finished-at="2023-09-25T12:08:27 EDT" duration-ms="728" status="PASS">
          <reporter-output>
          </reporter-output>
        </test-method> <!-- tearDown -->
      </class> <!-- swagLabs.testCases.LoginPageDataTest -->
      <class name="swagLabs.testCases.VerifyAddNewCustomer">
        <test-method is-config="true" signature="setUp()[pri:0, instance:swagLabs.testCases.VerifyAddNewCustomer@359df09a]" started-at="2023-09-25T12:07:50 EDT" name="setUp" finished-at="2023-09-25T12:07:54 EDT" duration-ms="4277" status="PASS">
          <reporter-output>
          </reporter-output>
        </test-method> <!-- setUp -->
        <test-method signature="addNewCustomerTest(java.lang.String,java.lang.String)[pri:0, instance:swagLabs.testCases.VerifyAddNewCustomer@359df09a]" started-at="2023-09-25T12:07:54 EDT" name="addNewCustomerTest" data-provider="getLoginData" finished-at="2023-09-25T12:08:00 EDT" duration-ms="5578" status="PASS">
          <params>
            <param index="0">
              <value>
                <![CDATA[mngr528039]]>
              </value>
            </param>
            <param index="1">
              <value>
                <![CDATA[etybahe]]>
              </value>
            </param>
          </params>
          <reporter-output>
          </reporter-output>
        </test-method> <!-- addNewCustomerTest -->
        <test-method is-config="true" signature="tearDown()[pri:0, instance:swagLabs.testCases.VerifyAddNewCustomer@359df09a]" started-at="2023-09-25T12:08:00 EDT" name="tearDown" finished-at="2023-09-25T12:08:01 EDT" duration-ms="795" status="PASS">
          <reporter-output>
          </reporter-output>
        </test-method> <!-- tearDown -->
      </class> <!-- swagLabs.testCases.VerifyAddNewCustomer -->
    </test> <!-- Guru99 Bank App Test Cases -->
  </suite> <!-- Guru99Bank -->
</testng-results>
