<?xml version="1.0" encoding="UTF-8"?>
<testng-results ignored="0" total="3" passed="2" failed="1" skipped="0">
  <reporter-output>
  </reporter-output>
  <suite started-at="2023-09-24T20:41:47 EDT" name="Guru99Bank" finished-at="2023-09-24T20:42:14 EDT" duration-ms="27228">
    <groups>
    </groups>
    <test started-at="2023-09-24T20:41:47 EDT" name="Guru99 Bank App Test Cases" finished-at="2023-09-24T20:42:14 EDT" duration-ms="27228">
      <class name="swagLabs.testCases.NewCostomerLinkTest">
        <test-method is-config="true" signature="setUp()[pri:0, instance:swagLabs.testCases.NewCostomerLinkTest@75437611]" started-at="2023-09-24T20:41:47 EDT" name="setUp" finished-at="2023-09-24T20:41:54 EDT" duration-ms="6100" status="PASS">
          <reporter-output>
          </reporter-output>
        </test-method> <!-- setUp -->
        <test-method signature="VerifyNewCostmerlink(java.lang.String,java.lang.String)[pri:0, instance:swagLabs.testCases.NewCostomerLinkTest@75437611]" started-at="2023-09-24T20:41:54 EDT" name="VerifyNewCostmerlink" data-provider="getLoginData" finished-at="2023-09-24T20:41:57 EDT" duration-ms="3165" status="PASS">
          <params>
            <param index="0">
              <value>
                <![CDATA[mngr528039]]>
              </value>
            </param>
            <param index="1">
              <value>
                <![CDATA[etybahe]]>
              </value>
            </param>
          </params>
          <reporter-output>
          </reporter-output>
        </test-method> <!-- VerifyNewCostmerlink -->
        <test-method is-config="true" signature="tearDown()[pri:0, instance:swagLabs.testCases.NewCostomerLinkTest@75437611]" started-at="2023-09-24T20:41:57 EDT" name="tearDown" finished-at="2023-09-24T20:41:58 EDT" duration-ms="869" status="PASS">
          <reporter-output>
          </reporter-output>
        </test-method> <!-- tearDown -->
      </class> <!-- swagLabs.testCases.NewCostomerLinkTest -->
      <class name="swagLabs.testCases.LoginPageDataTest">
        <test-method is-config="true" signature="setUp()[pri:0, instance:swagLabs.testCases.LoginPageDataTest@43df23d3]" started-at="2023-09-24T20:42:07 EDT" name="setUp" finished-at="2023-09-24T20:42:11 EDT" duration-ms="4092" status="PASS">
          <reporter-output>
          </reporter-output>
        </test-method> <!-- setUp -->
        <test-method signature="validateLoginCredentials(java.lang.String,java.lang.String)[pri:1, instance:swagLabs.testCases.LoginPageDataTest@43df23d3]" started-at="2023-09-24T20:42:11 EDT" name="validateLoginCredentials" data-provider="getLoginData" finished-at="2023-09-24T20:42:13 EDT" duration-ms="1783" status="FAIL">
          <params>
            <param index="0">
              <value>
                <![CDATA[mngr528039]]>
              </value>
            </param>
            <param index="1">
              <value>
                <![CDATA[etybahe]]>
              </value>
            </param>
          </params>
          <exception class="java.lang.AssertionError">
            <message>
              <![CDATA[expected [Guru99 Bank Manager HomePage] but found [true]]]>
            </message>
            <full-stacktrace>
              <![CDATA[java.lang.AssertionError: expected [Guru99 Bank Manager HomePage] but found [true]
at org.testng.Assert.fail(Assert.java:110)
at org.testng.Assert.failNotEquals(Assert.java:1413)
at org.testng.Assert.assertEqualsImpl(Assert.java:149)
at org.testng.Assert.assertEquals(Assert.java:131)
at org.testng.Assert.assertEquals(Assert.java:643)
at swagLabs.testCases.LoginPageDataTest.validateLoginCredentials(LoginPageDataTest.java:66)
at java.base/jdk.internal.reflect.NativeMethodAccessorImpl.invoke0(Native Method)
at java.base/jdk.internal.reflect.NativeMethodAccessorImpl.invoke(NativeMethodAccessorImpl.java:62)
at java.base/jdk.internal.reflect.DelegatingMethodAccessorImpl.invoke(DelegatingMethodAccessorImpl.java:43)
at java.base/java.lang.reflect.Method.invoke(Method.java:566)
at org.testng.internal.invokers.MethodInvocationHelper.invokeMethod(MethodInvocationHelper.java:139)
at org.testng.internal.invokers.TestInvoker.invokeMethod(TestInvoker.java:677)
at org.testng.internal.invokers.TestInvoker.invokeTestMethod(TestInvoker.java:221)
at org.testng.internal.invokers.MethodRunner.runInSequence(MethodRunner.java:50)
at org.testng.internal.invokers.TestInvoker$MethodInvocationAgent.invoke(TestInvoker.java:962)
at org.testng.internal.invokers.TestInvoker.invokeTestMethods(TestInvoker.java:194)
at org.testng.internal.invokers.TestMethodWorker.invokeTestMethods(TestMethodWorker.java:148)
at org.testng.internal.invokers.TestMethodWorker.run(TestMethodWorker.java:128)
at java.base/java.util.ArrayList.forEach(ArrayList.java:1541)
at org.testng.TestRunner.privateRun(TestRunner.java:806)
at org.testng.TestRunner.run(TestRunner.java:601)
at org.testng.SuiteRunner.runTest(SuiteRunner.java:433)
at org.testng.SuiteRunner.runSequentially(SuiteRunner.java:427)
at org.testng.SuiteRunner.privateRun(SuiteRunner.java:387)
at org.testng.SuiteRunner.run(SuiteRunner.java:330)
at org.testng.SuiteRunnerWorker.runSuite(SuiteRunnerWorker.java:52)
at org.testng.SuiteRunnerWorker.run(SuiteRunnerWorker.java:95)
at org.testng.TestNG.runSuitesSequentially(TestNG.java:1256)
at org.testng.TestNG.runSuitesLocally(TestNG.java:1176)
at org.testng.TestNG.runSuites(TestNG.java:1099)
at org.testng.TestNG.run(TestNG.java:1067)
at org.testng.remote.AbstractRemoteTestNG.run(AbstractRemoteTestNG.java:115)
at org.testng.remote.RemoteTestNG.initAndRun(RemoteTestNG.java:251)
at org.testng.remote.RemoteTestNG.main(RemoteTestNG.java:77)
]]>
            </full-stacktrace>
          </exception> <!-- java.lang.AssertionError -->
          <reporter-output>
          </reporter-output>
        </test-method> <!-- validateLoginCredentials -->
        <test-method is-config="true" signature="tearDown()[pri:0, instance:swagLabs.testCases.LoginPageDataTest@43df23d3]" started-at="2023-09-24T20:42:13 EDT" name="tearDown" finished-at="2023-09-24T20:42:14 EDT" duration-ms="844" status="PASS">
          <reporter-output>
          </reporter-output>
        </test-method> <!-- tearDown -->
      </class> <!-- swagLabs.testCases.LoginPageDataTest -->
      <class name="swagLabs.testCases.VerifyAddNewCustomer">
        <test-method is-config="true" signature="setUp()[pri:0, instance:swagLabs.testCases.VerifyAddNewCustomer@359df09a]" started-at="2023-09-24T20:41:58 EDT" name="setUp" finished-at="2023-09-24T20:42:01 EDT" duration-ms="3863" status="PASS">
          <reporter-output>
          </reporter-output>
        </test-method> <!-- setUp -->
        <test-method signature="addNewCustomerTest(java.lang.String,java.lang.String)[pri:0, instance:swagLabs.testCases.VerifyAddNewCustomer@359df09a]" started-at="2023-09-24T20:42:01 EDT" name="addNewCustomerTest" data-provider="getLoginData" finished-at="2023-09-24T20:42:06 EDT" duration-ms="4721" status="PASS">
          <params>
            <param index="0">
              <value>
                <![CDATA[mngr528039]]>
              </value>
            </param>
            <param index="1">
              <value>
                <![CDATA[etybahe]]>
              </value>
            </param>
          </params>
          <reporter-output>
          </reporter-output>
        </test-method> <!-- addNewCustomerTest -->
        <test-method is-config="true" signature="tearDown()[pri:0, instance:swagLabs.testCases.VerifyAddNewCustomer@359df09a]" started-at="2023-09-24T20:42:06 EDT" name="tearDown" finished-at="2023-09-24T20:42:07 EDT" duration-ms="988" status="PASS">
          <reporter-output>
          </reporter-output>
        </test-method> <!-- tearDown -->
      </class> <!-- swagLabs.testCases.VerifyAddNewCustomer -->
    </test> <!-- Guru99 Bank App Test Cases -->
  </suite> <!-- Guru99Bank -->
</testng-results>
