<?xml version="1.0" encoding="UTF-8"?>
<testng-results ignored="0" total="1" passed="1" failed="0" skipped="0">
  <reporter-output>
  </reporter-output>
  <suite started-at="2023-11-29T12:45:28 EST" name="Failed suite [Suite]" finished-at="2023-11-29T12:45:43 EST" duration-ms="15180">
    <groups>
    </groups>
    <test started-at="2023-11-29T12:45:28 EST" name="Test(failed)" finished-at="2023-11-29T12:45:43 EST" duration-ms="15180">
      <class name="swagLabs.testCases.VerifyAddNewCustomer">
        <test-method is-config="true" signature="setUp()[pri:0, instance:swagLabs.testCases.VerifyAddNewCustomer@19b93fa8]" started-at="2023-11-29T12:45:29 EST" name="setUp" finished-at="2023-11-29T12:45:35 EST" duration-ms="6022" status="PASS">
          <reporter-output>
          </reporter-output>
        </test-method> <!-- setUp -->
        <test-method signature="addNewCustomerTest(java.lang.String,java.lang.String)[pri:0, instance:swagLabs.testCases.VerifyAddNewCustomer@19b93fa8]" started-at="2023-11-29T12:45:35 EST" name="addNewCustomerTest" data-provider="getLoginData" finished-at="2023-11-29T12:45:42 EST" duration-ms="7704" status="PASS">
          <params>
            <param index="0">
              <value>
                <![CDATA[mngr541440]]>
              </value>
            </param>
            <param index="1">
              <value>
                <![CDATA[ypAbyma]]>
              </value>
            </param>
          </params>
          <reporter-output>
          </reporter-output>
        </test-method> <!-- addNewCustomerTest -->
        <test-method is-config="true" signature="tearDown()[pri:0, instance:swagLabs.testCases.VerifyAddNewCustomer@19b93fa8]" started-at="2023-11-29T12:45:42 EST" name="tearDown" finished-at="2023-11-29T12:45:43 EST" duration-ms="877" status="PASS">
          <reporter-output>
          </reporter-output>
        </test-method> <!-- tearDown -->
      </class> <!-- swagLabs.testCases.VerifyAddNewCustomer -->
    </test> <!-- Test(failed) -->
  </suite> <!-- Failed suite [Suite] -->
</testng-results>
