<?xml version="1.0" encoding="UTF-8"?>
<testng-results ignored="0" total="3" passed="3" failed="0" skipped="0">
  <reporter-output>
  </reporter-output>
  <suite started-at="2023-09-24T22:22:24 EDT" name="Guru99Bank" finished-at="2023-09-24T22:22:50 EDT" duration-ms="26106">
    <groups>
    </groups>
    <test started-at="2023-09-24T22:22:24 EDT" name="Guru99 Bank App Test Cases" finished-at="2023-09-24T22:22:50 EDT" duration-ms="26106">
      <class name="swagLabs.testCases.NewCostomerLinkTest">
        <test-method is-config="true" signature="setUp()[pri:0, instance:swagLabs.testCases.NewCostomerLinkTest@75437611]" started-at="2023-09-24T22:22:25 EDT" name="setUp" finished-at="2023-09-24T22:22:31 EDT" duration-ms="6864" status="PASS">
          <reporter-output>
          </reporter-output>
        </test-method> <!-- setUp -->
        <test-method signature="VerifyNewCostmerlink(java.lang.String,java.lang.String)[pri:0, instance:swagLabs.testCases.NewCostomerLinkTest@75437611]" started-at="2023-09-24T22:22:31 EDT" name="VerifyNewCostmerlink" data-provider="getLoginData" finished-at="2023-09-24T22:22:33 EDT" duration-ms="1873" status="PASS">
          <params>
            <param index="0">
              <value>
                <![CDATA[mngr528039]]>
              </value>
            </param>
            <param index="1">
              <value>
                <![CDATA[etybahe]]>
              </value>
            </param>
          </params>
          <reporter-output>
          </reporter-output>
        </test-method> <!-- VerifyNewCostmerlink -->
        <test-method is-config="true" signature="tearDown()[pri:0, instance:swagLabs.testCases.NewCostomerLinkTest@75437611]" started-at="2023-09-24T22:22:33 EDT" name="tearDown" finished-at="2023-09-24T22:22:34 EDT" duration-ms="887" status="PASS">
          <reporter-output>
          </reporter-output>
        </test-method> <!-- tearDown -->
      </class> <!-- swagLabs.testCases.NewCostomerLinkTest -->
      <class name="swagLabs.testCases.LoginPageDataTest">
        <test-method is-config="true" signature="setUp()[pri:0, instance:swagLabs.testCases.LoginPageDataTest@43df23d3]" started-at="2023-09-24T22:22:43 EDT" name="setUp" finished-at="2023-09-24T22:22:47 EDT" duration-ms="4071" status="PASS">
          <reporter-output>
          </reporter-output>
        </test-method> <!-- setUp -->
        <test-method signature="validateLoginCredentials(java.lang.String,java.lang.String)[pri:1, instance:swagLabs.testCases.LoginPageDataTest@43df23d3]" started-at="2023-09-24T22:22:47 EDT" name="validateLoginCredentials" data-provider="getLoginData" finished-at="2023-09-24T22:22:49 EDT" duration-ms="1640" status="PASS">
          <params>
            <param index="0">
              <value>
                <![CDATA[mngr528039]]>
              </value>
            </param>
            <param index="1">
              <value>
                <![CDATA[etybahe]]>
              </value>
            </param>
          </params>
          <reporter-output>
          </reporter-output>
        </test-method> <!-- validateLoginCredentials -->
        <test-method is-config="true" signature="tearDown()[pri:0, instance:swagLabs.testCases.LoginPageDataTest@43df23d3]" started-at="2023-09-24T22:22:49 EDT" name="tearDown" finished-at="2023-09-24T22:22:50 EDT" duration-ms="852" status="PASS">
          <reporter-output>
          </reporter-output>
        </test-method> <!-- tearDown -->
      </class> <!-- swagLabs.testCases.LoginPageDataTest -->
      <class name="swagLabs.testCases.VerifyAddNewCustomer">
        <test-method is-config="true" signature="setUp()[pri:0, instance:swagLabs.testCases.VerifyAddNewCustomer@359df09a]" started-at="2023-09-24T22:22:34 EDT" name="setUp" finished-at="2023-09-24T22:22:38 EDT" duration-ms="3982" status="PASS">
          <reporter-output>
          </reporter-output>
        </test-method> <!-- setUp -->
        <test-method signature="addNewCustomerTest(java.lang.String,java.lang.String)[pri:0, instance:swagLabs.testCases.VerifyAddNewCustomer@359df09a]" started-at="2023-09-24T22:22:38 EDT" name="addNewCustomerTest" data-provider="getLoginData" finished-at="2023-09-24T22:22:42 EDT" duration-ms="4231" status="PASS">
          <params>
            <param index="0">
              <value>
                <![CDATA[mngr528039]]>
              </value>
            </param>
            <param index="1">
              <value>
                <![CDATA[etybahe]]>
              </value>
            </param>
          </params>
          <reporter-output>
          </reporter-output>
        </test-method> <!-- addNewCustomerTest -->
        <test-method is-config="true" signature="tearDown()[pri:0, instance:swagLabs.testCases.VerifyAddNewCustomer@359df09a]" started-at="2023-09-24T22:22:42 EDT" name="tearDown" finished-at="2023-09-24T22:22:43 EDT" duration-ms="868" status="PASS">
          <reporter-output>
          </reporter-output>
        </test-method> <!-- tearDown -->
      </class> <!-- swagLabs.testCases.VerifyAddNewCustomer -->
    </test> <!-- Guru99 Bank App Test Cases -->
  </suite> <!-- Guru99Bank -->
</testng-results>
