<?xml version="1.0" encoding="UTF-8"?>
<testng-results ignored="0" total="1" passed="1" failed="0" skipped="0">
  <reporter-output>
  </reporter-output>
  <suite started-at="2023-09-24T14:58:58 EDT" name="Default suite" finished-at="2023-09-24T14:59:14 EDT" duration-ms="16515">
    <groups>
    </groups>
    <test started-at="2023-09-24T14:58:58 EDT" name="Default test" finished-at="2023-09-24T14:59:14 EDT" duration-ms="16515">
      <class name="swagLabs.testCases.VerifyAddNewCustomer">
        <test-method is-config="true" signature="setUp()[pri:0, instance:swagLabs.testCases.VerifyAddNewCustomer@75d3a5e0]" started-at="2023-09-24T14:58:59 EDT" name="setUp" finished-at="2023-09-24T14:59:07 EDT" duration-ms="8611" status="PASS">
          <reporter-output>
          </reporter-output>
        </test-method> <!-- setUp -->
        <test-method signature="addNewCustomerTest(java.lang.String,java.lang.String)[pri:0, instance:swagLabs.testCases.VerifyAddNewCustomer@75d3a5e0]" started-at="2023-09-24T14:59:07 EDT" name="addNewCustomerTest" data-provider="getLoginData" finished-at="2023-09-24T14:59:14 EDT" duration-ms="6367" status="PASS">
          <params>
            <param index="0">
              <value>
                <![CDATA[mngr528039]]>
              </value>
            </param>
            <param index="1">
              <value>
                <![CDATA[etybahe]]>
              </value>
            </param>
          </params>
          <reporter-output>
          </reporter-output>
        </test-method> <!-- addNewCustomerTest -->
        <test-method is-config="true" signature="tearDown()[pri:0, instance:swagLabs.testCases.VerifyAddNewCustomer@75d3a5e0]" started-at="2023-09-24T14:59:14 EDT" name="tearDown" finished-at="2023-09-24T14:59:14 EDT" duration-ms="811" status="PASS">
          <reporter-output>
          </reporter-output>
        </test-method> <!-- tearDown -->
      </class> <!-- swagLabs.testCases.VerifyAddNewCustomer -->
    </test> <!-- Default test -->
  </suite> <!-- Default suite -->
</testng-results>
